<?xml version="1.0" encoding="UTF-8"?>
<!-- Generated by org.testng.reporters.JUnitXMLReporter -->
<testsuite ignored="1" hostname="Babu" failures="0" tests="2" name="Test" time="0.058" errors="0" timestamp="21 Jul 2018 06:56:47 GMT">
  <testcase classname="TestNG.PrintAExample" name="addA" time="0.015"/>
  <testcase classname="TestNG.PrintBExample" name="addB" time="0.0"/>
  <testcase classname="TestNG.PrintAExample" name="deleteA" time="0.0">
    <ignored/>
  </testcase> <!-- deleteA -->
</testsuite> <!-- Test -->
