<?xml version="1.0" encoding="UTF-8"?>
<!-- Generated by org.testng.reporters.JUnitXMLReporter -->
<testsuite hostname="Babu" ignored="1" name="Test" tests="2" failures="0" timestamp="05 Aug 2018 07:14:35 GMT" time="0.088" errors="0">
  <testcase name="addA" time="0.019" classname="TestNG.PrintAExample"/>
  <testcase name="addB" time="0.0" classname="TestNG.PrintBExample"/>
  <testcase name="deleteA" time="0.0" classname="TestNG.PrintAExample">
    <ignored/>
  </testcase> <!-- deleteA -->
</testsuite> <!-- Test -->
