<?xml version="1.0" encoding="UTF-8"?>
<testng-results skipped="0" failed="0" ignored="1" total="3" passed="2">
  <reporter-output>
  </reporter-output>
  <suite name="Suite" duration-ms="88" started-at="2018-08-05T07:14:35Z" finished-at="2018-08-05T07:14:35Z">
    <groups>
    </groups>
    <test name="Test" duration-ms="88" started-at="2018-08-05T07:14:35Z" finished-at="2018-08-05T07:14:35Z">
      <class name="TestNG.PrintBExample">
        <test-method status="PASS" signature="addB()[pri:-1, instance:TestNG.PrintBExample@67205a84]" name="addB" duration-ms="0" started-at="2018-08-05T07:14:35Z" finished-at="2018-08-05T07:14:35Z">
          <reporter-output>
          </reporter-output>
        </test-method> <!-- addB -->
      </class> <!-- TestNG.PrintBExample -->
      <class name="TestNG.PrintAExample">
        <test-method status="PASS" signature="addA()[pri:-1, instance:TestNG.PrintAExample@7c29daf3]" name="addA" duration-ms="19" started-at="2018-08-05T07:14:35Z" finished-at="2018-08-05T07:14:35Z">
          <reporter-output>
          </reporter-output>
        </test-method> <!-- addA -->
      </class> <!-- TestNG.PrintAExample -->
    </test> <!-- Test -->
  </suite> <!-- Suite -->
</testng-results>
